TN:
SF:jest-puppeteer.config.js
FNF:0
FNH:0
DA:1,0
DA:6,0
LF:2
LH:0
BRF:0
BRH:0
end_of_record
TN:
SF:src/constants/routes.js
FN:13,(anonymous_0)
FNF:1
FNH:1
FNDA:60,(anonymous_0)
DA:6,6
DA:13,6
DA:14,60
DA:16,13
DA:18,28
DA:20,6
DA:22,12
DA:24,1
LF:8
LH:8
BRDA:14,0,0,13
BRDA:14,0,1,28
BRDA:14,0,2,6
BRDA:14,0,3,12
BRDA:14,0,4,1
BRF:5
BRH:5
end_of_record
TN:
SF:src/constants/usersTest.js
FNF:0
FNH:0
LF:0
LH:0
BRF:0
BRH:0
end_of_record
TN:
SF:src/containers/Bills.js
FN:6,(anonymous_0)
FN:13,(anonymous_1)
FN:14,(anonymous_2)
FN:19,(anonymous_3)
FN:23,(anonymous_4)
FN:30,(anonymous_5)
FN:35,(anonymous_6)
FN:37,(anonymous_7)
FN:58,(anonymous_8)
FN:70,(anonymous_9)
FNF:10
FNH:8
FNDA:18,(anonymous_0)
FNDA:47,(anonymous_1)
FNDA:0,(anonymous_2)
FNDA:1,(anonymous_3)
FNDA:0,(anonymous_4)
FNDA:13,(anonymous_5)
FNDA:6,(anonymous_6)
FNDA:18,(anonymous_7)
FNDA:21,(anonymous_8)
FNDA:17,(anonymous_9)
DA:7,18
DA:8,18
DA:9,18
DA:10,18
DA:11,18
DA:12,18
DA:13,18
DA:14,47
DA:16,18
DA:19,18
DA:20,1
DA:23,18
DA:24,0
DA:25,0
DA:26,0
DA:27,0
DA:30,18
DA:31,13
DA:32,13
DA:36,6
DA:38,18
DA:39,18
DA:47,0
DA:48,0
DA:55,6
DA:58,6
DA:61,21
DA:62,21
DA:64,21
DA:65,11
DA:67,10
DA:70,6
DA:71,17
DA:73,4
LF:34
LH:28
BRDA:11,0,0,14
BRDA:11,0,1,4
BRDA:13,1,0,18
BRDA:13,1,1,0
BRDA:31,2,0,13
BRDA:31,2,1,0
BRDA:64,3,0,11
BRDA:64,3,1,10
BRF:8
BRH:6
end_of_record
TN:
SF:src/containers/Dashboard.js
FN:15,(anonymous_0)
FN:17,(anonymous_1)
FN:41,(anonymous_2)
FN:68,(anonymous_3)
FN:69,(anonymous_4)
FN:73,(anonymous_5)
FN:88,(anonymous_6)
FN:92,(anonymous_7)
FN:93,(anonymous_8)
FN:94,(anonymous_9)
FN:98,(anonymous_10)
FN:106,(anonymous_11)
FN:110,(anonymous_12)
FN:127,(anonymous_13)
FN:128,(anonymous_14)
FN:131,(anonymous_15)
FN:141,(anonymous_16)
FN:151,(anonymous_17)
FN:168,(anonymous_18)
FN:172,(anonymous_19)
FN:173,(anonymous_20)
FN:182,(anonymous_21)
FN:187,(anonymous_22)
FN:189,(anonymous_23)
FN:197,(anonymous_24)
FNF:25
FNH:20
FNDA:44,(anonymous_0)
FNDA:104,(anonymous_1)
FNDA:6,(anonymous_2)
FNDA:6,(anonymous_3)
FNDA:6,(anonymous_4)
FNDA:5,(anonymous_5)
FNDA:14,(anonymous_6)
FNDA:0,(anonymous_7)
FNDA:0,(anonymous_8)
FNDA:0,(anonymous_9)
FNDA:1,(anonymous_10)
FNDA:3,(anonymous_11)
FNDA:8,(anonymous_12)
FNDA:0,(anonymous_13)
FNDA:0,(anonymous_14)
FNDA:1,(anonymous_15)
FNDA:1,(anonymous_16)
FNDA:5,(anonymous_17)
FNDA:20,(anonymous_18)
FNDA:20,(anonymous_19)
FNDA:3,(anonymous_20)
FNDA:5,(anonymous_21)
FNDA:3,(anonymous_22)
FNDA:12,(anonymous_23)
FNDA:2,(anonymous_24)
DA:15,6
DA:16,44
DA:21,104
DA:22,104
DA:27,0
DA:28,0
DA:33,104
DA:41,6
DA:42,6
DA:43,6
DA:45,6
DA:48,6
DA:68,6
DA:69,6
DA:73,6
DA:74,5
DA:76,3
DA:78,1
DA:80,1
DA:89,14
DA:90,14
DA:91,14
DA:92,14
DA:93,14
DA:94,14
DA:95,14
DA:98,14
DA:100,1
DA:101,1
DA:102,1
DA:103,1
DA:107,3
DA:108,3
DA:109,3
DA:110,2
DA:111,8
DA:113,2
DA:114,2
DA:115,2
DA:116,2
DA:118,1
DA:120,1
DA:123,1
DA:124,1
DA:126,3
DA:127,3
DA:128,3
DA:131,14
DA:132,1
DA:137,1
DA:138,1
DA:141,14
DA:142,1
DA:147,1
DA:148,1
DA:152,5
DA:153,5
DA:154,5
DA:155,5
DA:156,5
DA:158,5
DA:160,0
DA:161,0
DA:163,0
DA:168,5
DA:169,20
DA:172,5
DA:173,20
DA:176,5
DA:182,14
DA:183,5
DA:184,5
DA:188,3
DA:189,12
DA:195,3
DA:198,2
LF:76
LH:71
BRDA:16,0,0,26
BRDA:16,0,1,18
BRDA:16,1,0,44
BRDA:16,1,1,26
BRDA:21,2,0,104
BRDA:21,2,1,0
BRDA:29,3,0,0
BRDA:29,3,1,0
BRDA:43,4,0,0
BRDA:43,4,1,6
BRDA:45,5,0,0
BRDA:45,5,1,6
BRDA:69,6,0,5
BRDA:69,6,1,1
BRDA:69,7,0,6
BRDA:69,7,1,6
BRDA:74,8,0,3
BRDA:74,8,1,1
BRDA:74,8,2,1
BRDA:103,9,0,0
BRDA:103,9,1,1
BRDA:107,10,0,2
BRDA:107,10,1,1
BRDA:107,11,0,3
BRDA:107,11,1,3
BRDA:108,12,0,2
BRDA:108,12,1,1
BRDA:108,13,0,3
BRDA:108,13,1,1
BRDA:109,14,0,2
BRDA:109,14,1,1
BRDA:152,15,0,5
BRDA:152,15,1,0
BRDA:152,16,0,5
BRDA:152,16,1,2
BRDA:153,17,0,5
BRDA:153,17,1,0
BRDA:153,18,0,5
BRDA:153,18,1,2
BRDA:154,19,0,5
BRDA:154,19,1,0
BRDA:183,20,0,5
BRDA:183,20,1,0
BRF:43
BRH:33
end_of_record
TN:
SF:src/containers/Login.js
FN:7,(anonymous_0)
FN:18,(anonymous_1)
FN:29,(anonymous_2)
FN:31,(anonymous_3)
FN:40,(anonymous_4)
FN:51,(anonymous_5)
FN:53,(anonymous_6)
FN:62,(anonymous_7)
FN:68,(anonymous_8)
FN:77,(anonymous_9)
FN:87,(anonymous_10)
FNF:11
FNH:5
FNDA:5,(anonymous_0)
FNDA:2,(anonymous_1)
FNDA:0,(anonymous_2)
FNDA:2,(anonymous_3)
FNDA:2,(anonymous_4)
FNDA:0,(anonymous_5)
FNDA:2,(anonymous_6)
FNDA:0,(anonymous_7)
FNDA:0,(anonymous_8)
FNDA:0,(anonymous_9)
FNDA:0,(anonymous_10)
DA:3,4
DA:8,5
DA:9,5
DA:10,5
DA:11,5
DA:12,5
DA:13,5
DA:14,5
DA:15,5
DA:16,5
DA:18,5
DA:19,2
DA:20,2
DA:26,2
DA:27,2
DA:29,0
DA:32,2
DA:33,2
DA:34,2
DA:35,2
DA:40,5
DA:41,2
DA:42,2
DA:48,2
DA:49,2
DA:51,0
DA:54,2
DA:55,2
DA:56,2
DA:57,2
DA:62,5
DA:63,0
DA:64,0
DA:69,0
DA:72,0
DA:77,5
DA:78,0
DA:79,0
DA:88,0
DA:89,0
DA:92,0
LF:41
LH:30
BRDA:63,0,0,0
BRDA:63,0,1,0
BRDA:78,1,0,0
BRDA:78,1,1,0
BRF:4
BRH:0
end_of_record
TN:
SF:src/containers/Logout.js
FN:4,(anonymous_0)
FN:11,(anonymous_1)
FNF:2
FNH:2
FNDA:28,(anonymous_0)
FNDA:2,(anonymous_1)
DA:5,28
DA:6,28
DA:7,28
DA:8,28
DA:11,28
DA:12,2
DA:13,2
LF:7
LH:7
BRF:0
BRH:0
end_of_record
TN:
SF:src/containers/NewBill.js
FN:5,(anonymous_0)
FN:18,(anonymous_1)
FN:55,(anonymous_2)
FN:60,(anonymous_3)
FN:62,(anonymous_4)
FN:84,(anonymous_5)
FN:89,(anonymous_6)
FN:92,(anonymous_7)
FNF:8
FNH:6
FNDA:7,(anonymous_0)
FNDA:2,(anonymous_1)
FNDA:0,(anonymous_2)
FNDA:0,(anonymous_3)
FNDA:5,(anonymous_4)
FNDA:5,(anonymous_5)
FNDA:5,(anonymous_6)
FNDA:2,(anonymous_7)
DA:6,7
DA:7,7
DA:8,7
DA:9,7
DA:10,7
DA:11,7
DA:12,7
DA:13,7
DA:14,7
DA:15,7
DA:16,7
DA:18,7
DA:19,2
DA:20,2
DA:21,2
DA:22,2
DA:23,2
DA:25,2
DA:26,2
DA:29,2
DA:30,2
DA:40,2
DA:42,0
DA:43,0
DA:44,0
DA:45,0
DA:47,0
DA:56,0
DA:57,0
DA:58,0
DA:59,0
DA:60,0
DA:62,7
DA:63,5
DA:64,5
DA:65,5
DA:66,5
DA:79,5
DA:80,5
DA:84,7
DA:85,5
DA:86,5
DA:90,5
DA:92,2
LF:44
LH:34
BRDA:26,0,0,2
BRDA:26,0,1,0
BRDA:73,1,0,5
BRDA:73,1,1,5
BRDA:85,2,0,5
BRDA:85,2,1,0
BRF:6
BRH:4
end_of_record
TN:
SF:src/views/Actions.js
FN:4,(anonymous_0)
FNF:1
FNH:1
FNDA:22,(anonymous_0)
DA:5,22
LF:1
LH:1
BRF:0
BRH:0
end_of_record
TN:
SF:src/views/BillsUI.js
FN:7,(anonymous_0)
FN:23,(anonymous_1)
FN:25,(anonymous_2)
FN:37,(anonymous_3)
FN:39,(anonymous_4)
FN:42,(anonymous_5)
FN:44,(anonymous_6)
FNF:7
FNH:6
FNDA:20,(anonymous_0)
FNDA:12,(anonymous_1)
FNDA:18,(anonymous_2)
FNDA:20,(anonymous_3)
FNDA:0,(anonymous_4)
FNDA:33,(anonymous_5)
FNDA:12,(anonymous_6)
DA:7,6
DA:9,20
DA:23,6
DA:24,12
DA:25,6
DA:28,18
DA:29,18
DA:31,18
DA:32,6
DA:34,12
DA:37,20
DA:39,6
DA:44,33
DA:61,33
DA:62,14
DA:63,19
DA:64,7
DA:67,12
LF:18
LH:18
BRDA:24,0,0,6
BRDA:24,0,1,6
BRDA:31,1,0,6
BRDA:31,1,1,12
BRDA:37,2,0,5
BRDA:37,2,1,1
BRDA:37,3,0,6
BRDA:37,3,1,6
BRDA:39,4,0,0
BRDA:39,4,1,6
BRDA:39,5,0,6
BRDA:39,5,1,0
BRDA:61,6,0,14
BRDA:61,6,1,19
BRDA:63,7,0,7
BRDA:63,7,1,12
BRF:16
BRH:14
end_of_record
TN:
SF:src/views/DashboardFormUI.js
FN:7,(anonymous_0)
FN:24,(anonymous_1)
FNF:2
FNH:2
FNDA:9,(anonymous_0)
FNDA:9,(anonymous_1)
DA:7,9
DA:26,9
LF:2
LH:2
BRDA:79,0,0,6
BRDA:79,0,1,3
BRDA:92,1,0,6
BRDA:92,1,1,3
BRF:4
BRH:4
end_of_record
TN:
SF:src/views/DashboardUI.js
FN:8,(anonymous_0)
FNF:1
FNH:1
FNDA:21,(anonymous_0)
DA:10,21
DA:11,6
DA:12,15
DA:13,3
DA:16,12
LF:5
LH:5
BRDA:10,0,0,6
BRDA:10,0,1,15
BRDA:12,1,0,3
BRDA:12,1,1,12
BRDA:22,2,0,12
BRDA:22,2,1,7
BRDA:29,3,0,12
BRDA:29,3,1,7
BRDA:36,4,0,12
BRDA:36,4,1,7
BRF:10
BRH:10
end_of_record
TN:
SF:src/views/ErrorPage.js
FN:3,(anonymous_0)
FNF:1
FNH:1
FNDA:12,(anonymous_0)
DA:4,12
LF:1
LH:1
BRDA:12,0,0,11
BRDA:12,0,1,1
BRF:2
BRH:2
end_of_record
TN:
SF:src/views/LoadingPage.js
FN:3,(anonymous_0)
FNF:1
FNH:1
FNDA:21,(anonymous_0)
DA:5,21
LF:1
LH:1
BRF:0
BRH:0
end_of_record
TN:
SF:src/views/LoginUI.js
FN:2,(anonymous_0)
FNF:1
FNH:1
FNDA:20,(anonymous_0)
DA:4,20
LF:1
LH:1
BRF:0
BRH:0
end_of_record
TN:
SF:src/views/NewBillUI.js
FN:3,(anonymous_0)
FNF:1
FNH:1
FNDA:10,(anonymous_0)
DA:5,10
LF:1
LH:1
BRF:0
BRH:0
end_of_record
TN:
SF:src/views/VerticalLayout.js
FN:5,(anonymous_0)
FNF:1
FNH:1
FNDA:68,(anonymous_0)
DA:7,68
DA:8,68
DA:9,56
DA:11,68
DA:12,27
DA:29,41
LF:6
LH:6
BRDA:8,0,0,56
BRDA:8,0,1,12
BRDA:11,1,0,27
BRDA:11,1,1,41
BRDA:11,2,0,68
BRDA:11,2,1,56
BRF:6
BRH:6
end_of_record
